<?xml version="1.0" encoding="UTF-8"?>
<!-- Generated by org.testng.reporters.JUnitReportReporter -->
<testsuite hostname="Dell" failures="0" tests="1" name="Application" time="0.016" errors="0" timestamp="2021-08-27T21:24:45 IST" skipped="0">
  <testcase classname="Application" name="Test" time="0.016"/>
  <system-out/>
</testsuite> <!-- Application -->
